<?xml version="1.0" encoding="UTF-8"?>
<testng-results ignored="0" total="1" passed="1" failed="0" skipped="0">
  <reporter-output>
  </reporter-output>
  <suite started-at="2023-06-15T12:29:31 IST" name="Suite" finished-at="2023-06-15T12:30:05 IST" duration-ms="34222">
    <groups>
    </groups>
    <test started-at="2023-06-15T12:29:31 IST" name="Test" finished-at="2023-06-15T12:30:05 IST" duration-ms="34222">
      <class name="com.automationScripts.ShoppersStackLogin_002Test">
        <test-method signature="testCase()[pri:0, instance:com.automationScripts.ShoppersStackLogin_002Test@3a079870]" started-at="2023-06-15T12:29:31 IST" name="testCase" finished-at="2023-06-15T12:30:05 IST" duration-ms="34202" status="PASS">
          <reporter-output>
          </reporter-output>
        </test-method> <!-- testCase -->
      </class> <!-- com.automationScripts.ShoppersStackLogin_002Test -->
    </test> <!-- Test -->
  </suite> <!-- Suite -->
</testng-results>
